[0m18:18:05.089346 [debug] [MainThread]: Sending event: {'category': 'dbt', 'action': 'invocation', 'label': 'start', 'context': [<snowplow_tracker.self_describing_json.SelfDescribingJson object at 0x106dca2c0>, <snowplow_tracker.self_describing_json.SelfDescribingJson object at 0x1081349d0>, <snowplow_tracker.self_describing_json.SelfDescribingJson object at 0x108135090>]}


============================== 18:18:05.091740 | bd5e3a62-d7ef-4725-964d-3e7c1560177c ==============================
[0m18:18:05.091740 [info ] [MainThread]: Running with dbt=1.5.0
[0m18:18:05.092057 [debug] [MainThread]: running dbt with arguments {'printer_width': '80', 'indirect_selection': 'eager', 'log_cache_events': 'False', 'write_json': 'True', 'partial_parse': 'True', 'cache_selected_only': 'False', 'profiles_dir': '/Users/stefanberreiter/Documents/programming/side_projects/modern-data-stack', 'debug': 'False', 'warn_error': 'None', 'log_path': 'logs', 'version_check': 'True', 'fail_fast': 'False', 'use_colors': 'True', 'use_experimental_parser': 'False', 'no_print': 'None', 'quiet': 'False', 'log_format': 'default', 'static_parser': 'True', 'introspect': 'True', 'warn_error_options': 'WarnErrorOptions(include=[], exclude=[])', 'target_path': 'None', 'send_anonymous_usage_stats': 'True'}
[0m18:18:05.092624 [debug] [MainThread]: Starter project path: /Users/stefanberreiter/Documents/programming/side_projects/modern-data-stack/venv/lib/python3.10/site-packages/dbt/include/starter_project
[0m18:18:08.098642 [info ] [MainThread]: 
Your new dbt project "tennis_stats" was created!

For more information on how to configure the profiles.yml file,
please consult the dbt documentation here:

  https://docs.getdbt.com/docs/configure-your-profile

One more thing:

Need help? Don't hesitate to reach out to us via GitHub issues or on Slack:

  https://community.getdbt.com/

Happy modeling!

[0m18:18:08.099248 [debug] [MainThread]: Command `dbt init` succeeded at 18:18:08.099157 after 3.03 seconds
[0m18:18:08.099474 [debug] [MainThread]: Sending event: {'category': 'dbt', 'action': 'invocation', 'label': 'end', 'context': [<snowplow_tracker.self_describing_json.SelfDescribingJson object at 0x106dca2c0>, <snowplow_tracker.self_describing_json.SelfDescribingJson object at 0x1070f79a0>, <snowplow_tracker.self_describing_json.SelfDescribingJson object at 0x106fd50c0>]}
[0m18:18:08.099718 [debug] [MainThread]: Flushing usage events
[0m18:18:17.655015 [debug] [MainThread]: Sending event: {'category': 'dbt', 'action': 'invocation', 'label': 'start', 'context': [<snowplow_tracker.self_describing_json.SelfDescribingJson object at 0x1070de260>, <snowplow_tracker.self_describing_json.SelfDescribingJson object at 0x110418ac0>, <snowplow_tracker.self_describing_json.SelfDescribingJson object at 0x110419180>]}


============================== 18:18:17.657393 | 6baa6af0-044a-4dcb-922a-744a3e70a7bb ==============================
[0m18:18:17.657393 [info ] [MainThread]: Running with dbt=1.5.0
[0m18:18:17.657720 [debug] [MainThread]: running dbt with arguments {'printer_width': '80', 'indirect_selection': 'eager', 'log_cache_events': 'False', 'write_json': 'True', 'partial_parse': 'True', 'cache_selected_only': 'False', 'profiles_dir': '/Users/stefanberreiter/Documents/programming/side_projects/modern-data-stack', 'version_check': 'True', 'warn_error': 'None', 'log_path': 'logs', 'fail_fast': 'False', 'debug': 'False', 'use_colors': 'True', 'use_experimental_parser': 'False', 'no_print': 'None', 'quiet': 'False', 'warn_error_options': 'WarnErrorOptions(include=[], exclude=[])', 'static_parser': 'True', 'introspect': 'True', 'log_format': 'default', 'target_path': 'None', 'send_anonymous_usage_stats': 'True'}
[0m18:18:17.658013 [error] [MainThread]: Encountered an error:
Runtime Error
  No dbt_project.yml found at expected path /Users/stefanberreiter/Documents/programming/side_projects/modern-data-stack/dbt_project.yml
  Verify that each entry within packages.yml (and their transitive dependencies) contains a file named dbt_project.yml
  
[0m18:18:17.658370 [debug] [MainThread]: Command `dbt build` failed at 18:18:17.658310 after 0.02 seconds
[0m18:18:17.658564 [debug] [MainThread]: Sending event: {'category': 'dbt', 'action': 'invocation', 'label': 'end', 'context': [<snowplow_tracker.self_describing_json.SelfDescribingJson object at 0x1070de260>, <snowplow_tracker.self_describing_json.SelfDescribingJson object at 0x110419180>, <snowplow_tracker.self_describing_json.SelfDescribingJson object at 0x1104192d0>]}
[0m18:18:17.658730 [debug] [MainThread]: Flushing usage events
[0m18:18:45.232443 [debug] [MainThread]: Sending event: {'category': 'dbt', 'action': 'invocation', 'label': 'start', 'context': [<snowplow_tracker.self_describing_json.SelfDescribingJson object at 0x10662a260>, <snowplow_tracker.self_describing_json.SelfDescribingJson object at 0x107c14ac0>, <snowplow_tracker.self_describing_json.SelfDescribingJson object at 0x107c15150>]}


============================== 18:18:45.234852 | f5a95578-db99-4975-bee0-ef721add59c9 ==============================
[0m18:18:45.234852 [info ] [MainThread]: Running with dbt=1.5.0
[0m18:18:45.235157 [debug] [MainThread]: running dbt with arguments {'printer_width': '80', 'indirect_selection': 'eager', 'write_json': 'True', 'log_cache_events': 'False', 'partial_parse': 'True', 'cache_selected_only': 'False', 'warn_error': 'None', 'version_check': 'True', 'profiles_dir': '/Users/stefanberreiter/Documents/programming/side_projects/modern-data-stack', 'log_path': '/Users/stefanberreiter/Documents/programming/side_projects/modern-data-stack/logs', 'debug': 'False', 'fail_fast': 'False', 'use_colors': 'True', 'use_experimental_parser': 'False', 'no_print': 'None', 'quiet': 'False', 'log_format': 'default', 'static_parser': 'True', 'introspect': 'True', 'warn_error_options': 'WarnErrorOptions(include=[], exclude=[])', 'target_path': 'None', 'send_anonymous_usage_stats': 'True'}
[0m18:18:45.267076 [error] [MainThread]: Encountered an error:
Runtime Error
  Credentials in profile "tennis_stats", target "dev" invalid: ['dbname'] is not of type 'string'
[0m18:18:45.267519 [debug] [MainThread]: Command `dbt build` failed at 18:18:45.267450 after 0.05 seconds
[0m18:18:45.267712 [debug] [MainThread]: Sending event: {'category': 'dbt', 'action': 'invocation', 'label': 'end', 'context': [<snowplow_tracker.self_describing_json.SelfDescribingJson object at 0x10662a260>, <snowplow_tracker.self_describing_json.SelfDescribingJson object at 0x108333bb0>, <snowplow_tracker.self_describing_json.SelfDescribingJson object at 0x108333b50>]}
[0m18:18:45.267921 [debug] [MainThread]: Flushing usage events
[0m18:19:07.332470 [debug] [MainThread]: Sending event: {'category': 'dbt', 'action': 'invocation', 'label': 'start', 'context': [<snowplow_tracker.self_describing_json.SelfDescribingJson object at 0x1025d6290>, <snowplow_tracker.self_describing_json.SelfDescribingJson object at 0x103944af0>, <snowplow_tracker.self_describing_json.SelfDescribingJson object at 0x1039451b0>]}


============================== 18:19:07.334755 | 5e892089-e9b5-49d5-b798-70566faf5cd0 ==============================
[0m18:19:07.334755 [info ] [MainThread]: Running with dbt=1.5.0
[0m18:19:07.335058 [debug] [MainThread]: running dbt with arguments {'printer_width': '80', 'indirect_selection': 'eager', 'write_json': 'True', 'log_cache_events': 'False', 'partial_parse': 'True', 'cache_selected_only': 'False', 'warn_error': 'None', 'debug': 'False', 'profiles_dir': '/Users/stefanberreiter/Documents/programming/side_projects/modern-data-stack', 'log_path': '/Users/stefanberreiter/Documents/programming/side_projects/modern-data-stack/logs', 'version_check': 'True', 'fail_fast': 'False', 'use_colors': 'True', 'use_experimental_parser': 'False', 'no_print': 'None', 'quiet': 'False', 'log_format': 'default', 'static_parser': 'True', 'warn_error_options': 'WarnErrorOptions(include=[], exclude=[])', 'introspect': 'True', 'target_path': 'None', 'send_anonymous_usage_stats': 'True'}
[0m18:19:07.366719 [error] [MainThread]: Encountered an error:
Runtime Error
  Credentials in profile "tennis_stats", target "dev" invalid: ['dbname'] is not of type 'string'
[0m18:19:07.367149 [debug] [MainThread]: Command `dbt build` failed at 18:19:07.367084 after 0.05 seconds
[0m18:19:07.367323 [debug] [MainThread]: Sending event: {'category': 'dbt', 'action': 'invocation', 'label': 'end', 'context': [<snowplow_tracker.self_describing_json.SelfDescribingJson object at 0x1025d6290>, <snowplow_tracker.self_describing_json.SelfDescribingJson object at 0x103fabc40>, <snowplow_tracker.self_describing_json.SelfDescribingJson object at 0x103fabc10>]}
[0m18:19:07.367493 [debug] [MainThread]: Flushing usage events
[0m18:20:12.560344 [debug] [MainThread]: Sending event: {'category': 'dbt', 'action': 'invocation', 'label': 'start', 'context': [<snowplow_tracker.self_describing_json.SelfDescribingJson object at 0x10494a230>, <snowplow_tracker.self_describing_json.SelfDescribingJson object at 0x105cb4ac0>, <snowplow_tracker.self_describing_json.SelfDescribingJson object at 0x105cb5150>]}


============================== 18:20:12.562813 | 107f43c5-d991-4bce-880c-22a31aefe606 ==============================
[0m18:20:12.562813 [info ] [MainThread]: Running with dbt=1.5.0
[0m18:20:12.563120 [debug] [MainThread]: running dbt with arguments {'printer_width': '80', 'indirect_selection': 'eager', 'write_json': 'True', 'log_cache_events': 'False', 'partial_parse': 'True', 'cache_selected_only': 'False', 'profiles_dir': '/Users/stefanberreiter/Documents/programming/side_projects/modern-data-stack', 'debug': 'False', 'version_check': 'True', 'log_path': '/Users/stefanberreiter/Documents/programming/side_projects/modern-data-stack/logs', 'fail_fast': 'False', 'warn_error': 'None', 'use_colors': 'True', 'use_experimental_parser': 'False', 'no_print': 'None', 'quiet': 'False', 'log_format': 'default', 'introspect': 'True', 'warn_error_options': 'WarnErrorOptions(include=[], exclude=[])', 'static_parser': 'True', 'target_path': 'None', 'send_anonymous_usage_stats': 'True'}
[0m18:20:12.606695 [debug] [MainThread]: Sending event: {'category': 'dbt', 'action': 'project_id', 'label': '107f43c5-d991-4bce-880c-22a31aefe606', 'context': [<snowplow_tracker.self_describing_json.SelfDescribingJson object at 0x105cb51b0>]}
[0m18:20:12.613436 [debug] [MainThread]: Sending event: {'category': 'dbt', 'action': 'adapter_info', 'label': '107f43c5-d991-4bce-880c-22a31aefe606', 'context': [<snowplow_tracker.self_describing_json.SelfDescribingJson object at 0x105d7f9d0>]}
[0m18:20:12.624160 [debug] [MainThread]: checksum: 4568eb639a77b8fcb3a1f4a07856f42b1ff63f1376652889143968e1dbdafbda, vars: {}, profile: , target: , version: 1.5.0
[0m18:20:12.624593 [info ] [MainThread]: Unable to do partial parsing because saved manifest not found. Starting full parse.
[0m18:20:12.624812 [debug] [MainThread]: Sending event: {'category': 'dbt', 'action': 'partial_parser', 'label': '107f43c5-d991-4bce-880c-22a31aefe606', 'context': [<snowplow_tracker.self_describing_json.SelfDescribingJson object at 0x105d7dab0>]}
[0m18:20:12.900960 [warn ] [MainThread]: [[33mWARNING[0m]: Configuration paths exist in your dbt_project.yml file which do not apply to any resources.
There are 1 unused configuration paths:
- models.tennis_stats.example
[0m18:20:12.903415 [debug] [MainThread]: Sending event: {'category': 'dbt', 'action': 'load_project', 'label': '107f43c5-d991-4bce-880c-22a31aefe606', 'context': [<snowplow_tracker.self_describing_json.SelfDescribingJson object at 0x10663d360>]}
[0m18:20:12.905949 [debug] [MainThread]: Sending event: {'category': 'dbt', 'action': 'resource_counts', 'label': '107f43c5-d991-4bce-880c-22a31aefe606', 'context': [<snowplow_tracker.self_describing_json.SelfDescribingJson object at 0x10663e080>]}
[0m18:20:12.906152 [info ] [MainThread]: Found 0 models, 0 tests, 0 snapshots, 0 analyses, 307 macros, 0 operations, 0 seed files, 0 sources, 0 exposures, 0 metrics, 0 groups
[0m18:20:12.906655 [info ] [MainThread]: 
[0m18:20:12.906821 [warn ] [MainThread]: Nothing to do. Try checking your model configs and model specification args
[0m18:20:12.907042 [debug] [MainThread]: Command end result
[0m18:20:12.909367 [debug] [MainThread]: Command `dbt build` succeeded at 18:20:12.909318 after 0.36 seconds
[0m18:20:12.909533 [debug] [MainThread]: Sending event: {'category': 'dbt', 'action': 'invocation', 'label': 'end', 'context': [<snowplow_tracker.self_describing_json.SelfDescribingJson object at 0x10494a230>, <snowplow_tracker.self_describing_json.SelfDescribingJson object at 0x104ba6260>, <snowplow_tracker.self_describing_json.SelfDescribingJson object at 0x10667f2b0>]}
[0m18:20:12.909694 [debug] [MainThread]: Flushing usage events
[0m18:22:00.056228 [debug] [MainThread]: Sending event: {'category': 'dbt', 'action': 'invocation', 'label': 'start', 'context': [<snowplow_tracker.self_describing_json.SelfDescribingJson object at 0x104a662c0>, <snowplow_tracker.self_describing_json.SelfDescribingJson object at 0x105dc8b20>, <snowplow_tracker.self_describing_json.SelfDescribingJson object at 0x105dc91b0>]}


============================== 18:22:00.058667 | 11355c17-2489-4fa8-a38a-ce1d67889374 ==============================
[0m18:22:00.058667 [info ] [MainThread]: Running with dbt=1.5.0
[0m18:22:00.058977 [debug] [MainThread]: running dbt with arguments {'printer_width': '80', 'indirect_selection': 'eager', 'log_cache_events': 'False', 'write_json': 'True', 'partial_parse': 'True', 'cache_selected_only': 'False', 'warn_error': 'None', 'version_check': 'True', 'profiles_dir': '/Users/stefanberreiter/Documents/programming/side_projects/modern-data-stack', 'log_path': '/Users/stefanberreiter/Documents/programming/side_projects/modern-data-stack/logs', 'debug': 'False', 'fail_fast': 'False', 'use_colors': 'True', 'use_experimental_parser': 'False', 'no_print': 'None', 'quiet': 'False', 'log_format': 'default', 'static_parser': 'True', 'introspect': 'True', 'warn_error_options': 'WarnErrorOptions(include=[], exclude=[])', 'target_path': 'None', 'send_anonymous_usage_stats': 'True'}
[0m18:22:00.102736 [debug] [MainThread]: Sending event: {'category': 'dbt', 'action': 'project_id', 'label': '11355c17-2489-4fa8-a38a-ce1d67889374', 'context': [<snowplow_tracker.self_describing_json.SelfDescribingJson object at 0x105dc9210>]}
[0m18:22:00.108926 [debug] [MainThread]: Sending event: {'category': 'dbt', 'action': 'adapter_info', 'label': '11355c17-2489-4fa8-a38a-ce1d67889374', 'context': [<snowplow_tracker.self_describing_json.SelfDescribingJson object at 0x105e9b9a0>]}
[0m18:22:00.118657 [debug] [MainThread]: checksum: 4568eb639a77b8fcb3a1f4a07856f42b1ff63f1376652889143968e1dbdafbda, vars: {}, profile: , target: , version: 1.5.0
[0m18:22:00.149889 [debug] [MainThread]: Partial parsing enabled: 0 files deleted, 0 files added, 0 files changed.
[0m18:22:00.150095 [debug] [MainThread]: Partial parsing enabled, no changes found, skipping parsing
[0m18:22:00.150252 [warn ] [MainThread]: [[33mWARNING[0m]: Configuration paths exist in your dbt_project.yml file which do not apply to any resources.
There are 1 unused configuration paths:
- models.tennis_stats.example
[0m18:22:00.153298 [debug] [MainThread]: Sending event: {'category': 'dbt', 'action': 'load_project', 'label': '11355c17-2489-4fa8-a38a-ce1d67889374', 'context': [<snowplow_tracker.self_describing_json.SelfDescribingJson object at 0x1065a4370>]}
[0m18:22:00.156724 [debug] [MainThread]: Sending event: {'category': 'dbt', 'action': 'resource_counts', 'label': '11355c17-2489-4fa8-a38a-ce1d67889374', 'context': [<snowplow_tracker.self_describing_json.SelfDescribingJson object at 0x106578e50>]}
[0m18:22:00.156996 [info ] [MainThread]: Found 0 models, 0 tests, 0 snapshots, 0 analyses, 307 macros, 0 operations, 0 seed files, 0 sources, 0 exposures, 0 metrics, 0 groups
[0m18:22:00.157610 [info ] [MainThread]: 
[0m18:22:00.157793 [warn ] [MainThread]: Nothing to do. Try checking your model configs and model specification args
[0m18:22:00.158027 [debug] [MainThread]: Command end result
[0m18:22:00.160538 [debug] [MainThread]: Command `dbt build` succeeded at 18:22:00.160481 after 0.12 seconds
[0m18:22:00.160722 [debug] [MainThread]: Sending event: {'category': 'dbt', 'action': 'invocation', 'label': 'end', 'context': [<snowplow_tracker.self_describing_json.SelfDescribingJson object at 0x104a662c0>, <snowplow_tracker.self_describing_json.SelfDescribingJson object at 0x104d0ad10>, <snowplow_tracker.self_describing_json.SelfDescribingJson object at 0x106578a00>]}
[0m18:22:00.160886 [debug] [MainThread]: Flushing usage events
[0m18:23:19.394103 [debug] [MainThread]: Sending event: {'category': 'dbt', 'action': 'invocation', 'label': 'start', 'context': [<snowplow_tracker.self_describing_json.SelfDescribingJson object at 0x106a7a230>, <snowplow_tracker.self_describing_json.SelfDescribingJson object at 0x107de0ac0>, <snowplow_tracker.self_describing_json.SelfDescribingJson object at 0x107de1150>]}


============================== 18:23:19.396506 | 93ad16d6-e200-4ce4-8d83-e45436c97382 ==============================
[0m18:23:19.396506 [info ] [MainThread]: Running with dbt=1.5.0
[0m18:23:19.396826 [debug] [MainThread]: running dbt with arguments {'printer_width': '80', 'indirect_selection': 'eager', 'write_json': 'True', 'log_cache_events': 'False', 'partial_parse': 'True', 'cache_selected_only': 'False', 'profiles_dir': '/Users/stefanberreiter/Documents/programming/side_projects/modern-data-stack', 'debug': 'False', 'version_check': 'True', 'log_path': '/Users/stefanberreiter/Documents/programming/side_projects/modern-data-stack/logs', 'warn_error': 'None', 'fail_fast': 'False', 'use_colors': 'True', 'use_experimental_parser': 'False', 'no_print': 'None', 'quiet': 'False', 'log_format': 'default', 'static_parser': 'True', 'warn_error_options': 'WarnErrorOptions(include=[], exclude=[])', 'introspect': 'True', 'target_path': 'None', 'send_anonymous_usage_stats': 'True'}
[0m18:23:19.442535 [debug] [MainThread]: Sending event: {'category': 'dbt', 'action': 'project_id', 'label': '93ad16d6-e200-4ce4-8d83-e45436c97382', 'context': [<snowplow_tracker.self_describing_json.SelfDescribingJson object at 0x107de11b0>]}
[0m18:23:19.449038 [debug] [MainThread]: Sending event: {'category': 'dbt', 'action': 'adapter_info', 'label': '93ad16d6-e200-4ce4-8d83-e45436c97382', 'context': [<snowplow_tracker.self_describing_json.SelfDescribingJson object at 0x107eab9d0>]}
[0m18:23:19.458900 [debug] [MainThread]: checksum: 4568eb639a77b8fcb3a1f4a07856f42b1ff63f1376652889143968e1dbdafbda, vars: {}, profile: , target: , version: 1.5.0
[0m18:23:19.477532 [info ] [MainThread]: Unable to do partial parsing because a project config has changed
[0m18:23:19.477827 [debug] [MainThread]: Sending event: {'category': 'dbt', 'action': 'partial_parser', 'label': '93ad16d6-e200-4ce4-8d83-e45436c97382', 'context': [<snowplow_tracker.self_describing_json.SelfDescribingJson object at 0x107de1300>]}
[0m18:23:19.735084 [warn ] [MainThread]: [[33mWARNING[0m]: Configuration paths exist in your dbt_project.yml file which do not apply to any resources.
There are 1 unused configuration paths:
- models.tennis_stats
[0m18:23:19.737592 [debug] [MainThread]: Sending event: {'category': 'dbt', 'action': 'load_project', 'label': '93ad16d6-e200-4ce4-8d83-e45436c97382', 'context': [<snowplow_tracker.self_describing_json.SelfDescribingJson object at 0x1084d6650>]}
[0m18:23:19.740730 [debug] [MainThread]: Sending event: {'category': 'dbt', 'action': 'resource_counts', 'label': '93ad16d6-e200-4ce4-8d83-e45436c97382', 'context': [<snowplow_tracker.self_describing_json.SelfDescribingJson object at 0x1084d4940>]}
[0m18:23:19.740998 [info ] [MainThread]: Found 0 models, 0 tests, 0 snapshots, 0 analyses, 307 macros, 0 operations, 0 seed files, 0 sources, 0 exposures, 0 metrics, 0 groups
[0m18:23:19.741645 [info ] [MainThread]: 
[0m18:23:19.741858 [warn ] [MainThread]: Nothing to do. Try checking your model configs and model specification args
[0m18:23:19.742103 [debug] [MainThread]: Command end result
[0m18:23:19.744490 [debug] [MainThread]: Command `dbt build` succeeded at 18:23:19.744441 after 0.36 seconds
[0m18:23:19.744657 [debug] [MainThread]: Sending event: {'category': 'dbt', 'action': 'invocation', 'label': 'end', 'context': [<snowplow_tracker.self_describing_json.SelfDescribingJson object at 0x106a7a230>, <snowplow_tracker.self_describing_json.SelfDescribingJson object at 0x108573f10>, <snowplow_tracker.self_describing_json.SelfDescribingJson object at 0x1084d7940>]}
[0m18:23:19.744807 [debug] [MainThread]: Flushing usage events
